Using pre-set license
Built from '2020.3/staging' branch; Version is '2020.3.9f1 (108be757e447) revision 1084391'; Using compiler version '192528614'; Build Type 'Release'
OS: 'Windows 10 Home; OS build 19042.1237; Version 2009; 64bit' Language: 'en' Physical Memory: 16059 MB
BatchMode: 1, IsHumanControllingUs: 0, StartBugReporterOnCrash: 0, Is64bit: 1, IsPro: 0

 COMMAND LINE ARGUMENTS:
C:\Program Files\Unity\Hub\Editor\2020.3.9f1\Editor\Unity.exe
-adb2
-batchMode
-noUpm
-name
AssetImportWorker0
-projectPath
C:/Users/glash/OneDrive/Desktop/Unity Projects/Recipe Prototype/Recipe Prototype
-logFile
Logs/AssetImportWorker0.log
-srvPort
64425
Successfully changed project path to: C:/Users/glash/OneDrive/Desktop/Unity Projects/Recipe Prototype/Recipe Prototype
C:/Users/glash/OneDrive/Desktop/Unity Projects/Recipe Prototype/Recipe Prototype
Using Asset Import Pipeline V2.
Refreshing native plugins compatible for Editor in 20.23 ms, found 0 plugins.
Preloading 0 native plugins for Editor in 0.00 ms.
Initialize engine version: 2020.3.9f1 (108be757e447)
[Subsystems] Discovering subsystems at path C:/Program Files/Unity/Hub/Editor/2020.3.9f1/Editor/Data/Resources/UnitySubsystems
[Subsystems] Discovering subsystems at path C:/Users/glash/OneDrive/Desktop/Unity Projects/Recipe Prototype/Recipe Prototype/Assets
GfxDevice: creating device client; threaded=0
Direct3D:
    Version:  Direct3D 11.0 [level 11.1]
    Renderer: NVIDIA GeForce RTX 3070 (ID=0x2484)
    Vendor:   
    VRAM:     8043 MB
    Driver:   27.21.14.6137
Initialize mono
Mono path[0] = 'C:/Program Files/Unity/Hub/Editor/2020.3.9f1/Editor/Data/Managed'
Mono path[1] = 'C:/Program Files/Unity/Hub/Editor/2020.3.9f1/Editor/Data/MonoBleedingEdge/lib/mono/unityjit'
Mono config path = 'C:/Program Files/Unity/Hub/Editor/2020.3.9f1/Editor/Data/MonoBleedingEdge/etc'
Using monoOptions --debugger-agent=transport=dt_socket,embedding=1,server=y,suspend=n,address=127.0.0.1:56352
Begin MonoManager ReloadAssembly
Registering precompiled unity dll's ...
Register platform support module: C:/Program Files/Unity/Hub/Editor/2020.3.9f1/Editor/Data/PlaybackEngines/WindowsStandaloneSupport/UnityEditor.WindowsStandalone.Extensions.dll
Registered in 0.001231 seconds.
Native extension for WindowsStandalone target not found
Refreshing native plugins compatible for Editor in 17.50 ms, found 0 plugins.
Preloading 0 native plugins for Editor in 0.00 ms.
Mono: successfully reloaded assembly
- Completed reload, in  1.283 seconds
Platform modules already initialized, skipping
Registering precompiled user dll's ...
Registered in 0.000504 seconds.
Begin MonoManager ReloadAssembly
Native extension for WindowsStandalone target not found
Refreshing native plugins compatible for Editor in 0.16 ms, found 0 plugins.
Preloading 0 native plugins for Editor in 0.00 ms.
Mono: successfully reloaded assembly
- Completed reload, in  0.630 seconds
Platform modules already initialized, skipping
========================================================================
Worker process is ready to serve import requests
Launched and connected shader compiler UnityShaderCompiler.exe after 0.05 seconds
Refreshing native plugins compatible for Editor in 0.34 ms, found 0 plugins.
Preloading 0 native plugins for Editor in 0.00 ms.
Unloading 1120 Unused Serialized files (Serialized files now loaded: 0)
System memory in use before: 69.5 MB.
System memory in use after: 69.6 MB.

Unloading 9 unused Assets to reduce memory usage. Loaded Objects now: 1578.
Total: 2.421300 ms (FindLiveObjects: 0.161800 ms CreateObjectMapping: 0.039700 ms MarkObjects: 2.106800 ms  DeleteObjects: 0.111500 ms)

========================================================================
Received Import Request.
  path: Assets/Scenes/Game.unity
  artifactKey: Guid(f4ccf9d522acd1941a6e8e6250660e14) Importer(815301076,1909f56bfc062723c751e8b465ee728b)
Start importing Assets/Scenes/Game.unity using Guid(f4ccf9d522acd1941a6e8e6250660e14) Importer(815301076,1909f56bfc062723c751e8b465ee728b)  -> (artifact id: '55bb5464096d07d41d653d05806e74ea') in 0.021373 seconds
  Import took 0.023817 seconds .

========================================================================
Received Import Request.
  Time since last request: 19.701699 seconds.
  path: Assets/Materials/Colors/Ground.mat
  artifactKey: Guid(3ad4c88a8235e994b87267b9bbe4598a) Importer(815301076,1909f56bfc062723c751e8b465ee728b)
Start importing Assets/Materials/Colors/Ground.mat using Guid(3ad4c88a8235e994b87267b9bbe4598a) Importer(815301076,1909f56bfc062723c751e8b465ee728b)  -> (artifact id: '9c2d065bf086b359e17fac09e07967a6') in 0.094289 seconds
  Import took 0.096347 seconds .

AssetImportWorkerClient::OnTransportError - code=2 error=End of file
